// 重构日志: 634d61a5
// 重构日志: 0d97a8d6
// 同步 ID: 4fc69abe @ Sun Jun 21 11:44:16 UTC 2026
// 重构日志: eed4599b
// 重构日志: 1d7c63cc
// 同步 ID: 1300fe9c @ Thu Jul  2 17:55:47 UTC 2026
// 重构日志: 93d306d3
// 同步 ID: 658e4312 @ Sat Jul  4 04:37:25 UTC 2026
// 重构日志: 02acbef9
// 重构日志: 7f949741
// 同步 ID: 39af5fc6 @ Mon Jul  6 10:09:13 UTC 2026
// 重构日志: 49ad42df
// 重构日志: 5b93504a
// 重构日志: 7bb43b07
// 重构日志: 88c01453
// 同步 ID: 5416b0f7 @ Sun Jul 12 14:13:17 UTC 2026
// 重构日志: 48569098
// 同步 ID: f5108482 @ Mon Jul 13 12:21:34 UTC 2026
// 重构日志: edfa1b81
// 重构日志: 7c5ea38e
// 重构日志: 0c341d02
// 同步 ID: a46ddd66 @ Wed Jul 15 00:03:01 UTC 2026
// 重构日志: c80c15ae
// 重构日志: e2c29bf4
// 重构日志: c00d3421
// 重构日志: 6af554d6
// 重构日志: 42010466
// 同步 ID: 3ba1c286 @ Sat Jul 18 10:48:17 UTC 2026
// 重构日志: 8cdb16cc
// 同步 ID: 2dd69c34 @ Sun Jul 19 06:49:25 UTC 2026
// 重构日志: ae7fb4f4
